<?xml version="1.0" encoding="UTF-8"?>
<!-- Generated by org.testng.reporters.JUnitReportReporter -->
<testsuite skipped="0" hostname="IBM-B7K8QM3" name="IBM2.RestAssuredFrameworkk.restassured" tests="4" failures="0" timestamp="04 Jul 2022 16:00:37 GMT" time="7.326" errors="0">
  <testcase name="login" time="1.538" classname="IBM2.RestAssuredFrameworkk.restassured"/>
  <testcase name="firstPOST" time="2.914" classname="IBM2.RestAssuredFrameworkk.restassured"/>
  <testcase name="firstPUT" time="1.550" classname="IBM2.RestAssuredFrameworkk.restassured"/>
  <testcase name="firstDELETE" time="1.324" classname="IBM2.RestAssuredFrameworkk.restassured"/>
</testsuite> <!-- IBM2.RestAssuredFrameworkk.restassured -->
