<?xml version="1.0" encoding="UTF-8"?>
<!-- Generated by org.testng.reporters.JUnitReportReporter -->
<testsuite skipped="0" hostname="IBM-B7K8QM3" name="IBM2.RestAssuredFrameworkk.testcase" tests="1" failures="0" timestamp="04 Jul 2022 11:43:26 GMT" time="0.005" errors="0">
  <testcase name="TestCase1" time="0.005" classname="IBM2.RestAssuredFrameworkk.testcase"/>
</testsuite> <!-- IBM2.RestAssuredFrameworkk.testcase -->
